Unity Editor version:    2021.3.6f1 (7da38d85baf6)
Branch:                  2021.3/staging
Build type:              Release
Batch mode:              YES
macOS version:           Version 13.3.1 (Build 22E261)
Darwin version:          22.4.0
Architecture:            arm64
Running under Rosetta:   NO
Available memory:        8192 MB
Using pre-set license
Pro License: YES

COMMAND LINE ARGUMENTS:
/Applications/Unity/Hub/Editor/2021.3.6f1/Unity.app/Contents/MacOS/Unity
-adb2
-batchMode
-noUpm
-name
AssetImportWorker0
-projectPath
/Users/wjh/Documents/GitHub/upgrade_gamejam_2023/gamejam2023
-logFile
Logs/AssetImportWorker0.log
-srvPort
60263
Successfully changed project path to: /Users/wjh/Documents/GitHub/upgrade_gamejam_2023/gamejam2023
/Users/wjh/Documents/GitHub/upgrade_gamejam_2023/gamejam2023
[UnityMemory] Configuration Parameters - Can be set up in boot.config
    "memorysetup-bucket-allocator-granularity=16"
    "memorysetup-bucket-allocator-bucket-count=8"
    "memorysetup-bucket-allocator-block-size=33554432"
    "memorysetup-bucket-allocator-block-count=8"
    "memorysetup-main-allocator-block-size=16777216"
    "memorysetup-thread-allocator-block-size=16777216"
    "memorysetup-gfx-main-allocator-block-size=16777216"
    "memorysetup-gfx-thread-allocator-block-size=16777216"
    "memorysetup-cache-allocator-block-size=4194304"
    "memorysetup-typetree-allocator-block-size=2097152"
    "memorysetup-profiler-bucket-allocator-granularity=16"
    "memorysetup-profiler-bucket-allocator-bucket-count=8"
    "memorysetup-profiler-bucket-allocator-block-size=33554432"
    "memorysetup-profiler-bucket-allocator-block-count=8"
    "memorysetup-profiler-allocator-block-size=16777216"
    "memorysetup-profiler-editor-allocator-block-size=1048576"
    "memorysetup-temp-allocator-size-main=16777216"
    "memorysetup-job-temp-allocator-block-size=2097152"
    "memorysetup-job-temp-allocator-block-size-background=1048576"
    "memorysetup-job-temp-allocator-reduction-small-platforms=262144"
    "memorysetup-temp-allocator-size-background-worker=32768"
    "memorysetup-temp-allocator-size-job-worker=262144"
    "memorysetup-temp-allocator-size-preload-manager=33554432"
    "memorysetup-temp-allocator-size-nav-mesh-worker=65536"
    "memorysetup-temp-allocator-size-audio-worker=65536"
    "memorysetup-temp-allocator-size-cloud-worker=32768"
    "memorysetup-temp-allocator-size-gi-baking-worker=262144"
    "memorysetup-temp-allocator-size-gfx=262144"
Refreshing native plugins compatible for Editor in 120.35 ms, found 3 plugins.
Preloading 0 native plugins for Editor in 0.00 ms.
Initialize engine version: 2021.3.6f1 (7da38d85baf6)
[Subsystems] Discovering subsystems at path /Applications/Unity/Hub/Editor/2021.3.6f1/Unity.app/Contents/Resources/UnitySubsystems
[Subsystems] Discovering subsystems at path /Users/wjh/Documents/GitHub/upgrade_gamejam_2023/gamejam2023/Assets
GfxDevice: creating device client; threaded=0; jobified=0
 preferred device: Apple M1 (high power)
Metal devices available: 1
0: Apple M1 (high power)
Using device Apple M1 (high power)
Initializing Metal device caps: Apple M1
Initialize mono
Mono path[0] = '/Applications/Unity/Hub/Editor/2021.3.6f1/Unity.app/Contents/Managed'
Mono path[1] = '/Applications/Unity/Hub/Editor/2021.3.6f1/Unity.app/Contents/MonoBleedingEdge/lib/mono/unityjit-macos'
Mono config path = '/Applications/Unity/Hub/Editor/2021.3.6f1/Unity.app/Contents/MonoBleedingEdge/etc'
Using monoOptions --debugger-agent=transport=dt_socket,embedding=1,server=y,suspend=n,address=127.0.0.1:56217
Begin MonoManager ReloadAssembly
Registering precompiled unity dll's ...
Register platform support module: /Applications/Unity/Hub/Editor/2021.3.6f1/Unity.app/Contents/PlaybackEngines/MacStandaloneSupport/UnityEditor.OSXStandalone.Extensions.dll
Registered in 0.001370 seconds.
Native extension for OSXStandalone target not found
Refreshing native plugins compatible for Editor in 117.38 ms, found 3 plugins.
Preloading 0 native plugins for Editor in 0.00 ms.
Mono: successfully reloaded assembly
- Completed reload, in  0.614 seconds
Domain Reload Profiling:
	ReloadAssembly (615ms)
		BeginReloadAssembly (70ms)
			ExecutionOrderSort (0ms)
			DisableScriptedObjects (0ms)
			BackupInstance (0ms)
			ReleaseScriptingObjects (0ms)
			CreateAndSetChildDomain (1ms)
		EndReloadAssembly (445ms)
			LoadAssemblies (70ms)
			RebuildTransferFunctionScriptingTraits (0ms)
			SetupTypeCache (99ms)
			ReleaseScriptCaches (0ms)
			RebuildScriptCaches (29ms)
			SetupLoadedEditorAssemblies (276ms)
				LogAssemblyErrors (0ms)
				InitializePlatformSupportModulesInManaged (5ms)
				SetLoadedEditorAssemblies (0ms)
				RefreshPlugins (117ms)
				BeforeProcessingInitializeOnLoad (1ms)
				ProcessInitializeOnLoadAttributes (116ms)
				ProcessInitializeOnLoadMethodAttributes (36ms)
				AfterProcessingInitializeOnLoad (0ms)
				EditorAssembliesLoaded (0ms)
			ExecutionOrderSort2 (0ms)
			AwakeInstancesAfterBackupRestoration (0ms)
Platform modules already initialized, skipping
Registering precompiled user dll's ...
Registered in 0.004486 seconds.
Begin MonoManager ReloadAssembly
Symbol file LoadedFromMemory doesn't match image /Users/wjh/Documents/GitHub/upgrade_gamejam_2023/gamejam2023/Library/PackageCache/com.unity.visualscripting@1.7.8/Editor/VisualScripting.Core/Dependencies/YamlDotNet/Unity.VisualScripting.YamlDotNet.dll
Symbol file LoadedFromMemory doesn't match image /Users/wjh/Documents/GitHub/upgrade_gamejam_2023/gamejam2023/Library/PackageCache/com.unity.visualscripting@1.7.8/Editor/VisualScripting.Core/Dependencies/DotNetZip/Unity.VisualScripting.IonicZip.dll
Native extension for OSXStandalone target not found
Refreshing native plugins compatible for Editor in 115.83 ms, found 3 plugins.
Preloading 0 native plugins for Editor in 0.00 ms.
Mono: successfully reloaded assembly
- Completed reload, in  1.031 seconds
Domain Reload Profiling:
	ReloadAssembly (1031ms)
		BeginReloadAssembly (77ms)
			ExecutionOrderSort (0ms)
			DisableScriptedObjects (5ms)
			BackupInstance (0ms)
			ReleaseScriptingObjects (0ms)
			CreateAndSetChildDomain (22ms)
		EndReloadAssembly (851ms)
			LoadAssemblies (59ms)
			RebuildTransferFunctionScriptingTraits (0ms)
			SetupTypeCache (229ms)
			ReleaseScriptCaches (0ms)
			RebuildScriptCaches (55ms)
			SetupLoadedEditorAssemblies (455ms)
				LogAssemblyErrors (0ms)
				InitializePlatformSupportModulesInManaged (2ms)
				SetLoadedEditorAssemblies (0ms)
				RefreshPlugins (116ms)
				BeforeProcessingInitializeOnLoad (95ms)
				ProcessInitializeOnLoadAttributes (202ms)
				ProcessInitializeOnLoadMethodAttributes (38ms)
				AfterProcessingInitializeOnLoad (1ms)
				EditorAssembliesLoaded (0ms)
			ExecutionOrderSort2 (0ms)
			AwakeInstancesAfterBackupRestoration (3ms)
Platform modules already initialized, skipping
========================================================================
Worker process is ready to serve import requests
Launching external process: /Applications/Unity/Hub/Editor/2021.3.6f1/Unity.app/Contents/Tools/UnityShaderCompiler
Launched and connected shader compiler UnityShaderCompiler after 0.08 seconds
Refreshing native plugins compatible for Editor in 0.53 ms, found 3 plugins.
Preloading 0 native plugins for Editor in 0.00 ms.
Unloading 4057 Unused Serialized files (Serialized files now loaded: 0)
Unloading 38 unused Assets / (39.3 KB). Loaded Objects now: 4513.
Memory consumption went from 143.5 MB to 143.5 MB.
Total: 3.599750 ms (FindLiveObjects: 0.153834 ms CreateObjectMapping: 0.076958 ms MarkObjects: 3.298333 ms  DeleteObjects: 0.069875 ms)

AssetImportParameters requested are different than current active one (requested -> active):
  custom:video-decoder-ogg-theora: a1e56fd34408186e4bbccfd4996cb3dc -> 
  custom:container-muxer-webm: aa71ff27fc2769a1b78a27578f13a17b -> 
  custom:container-demuxer-webm: 4f35f7cbe854078d1ac9338744f61a02 -> 
  custom:video-encoder-webm-vp8: eb34c28f22e8b96e1ab97ce403110664 -> 
  custom:framework-osx-AVFoundation: e770b220cccbd017edd2c1fefb359320 -> 
  custom:audio-encoder-webm-vorbis: bf7c407c2cedff20999df2af8eb42d56 -> 
  custom:container-demuxer-ogg: 62fdf1f143b41e24485cea50d1cbac27 -> 
  custom:video-decoder-webm-vp8: 9c59270c3fd7afecdb556c50c9e8de78 -> 
  custom:audio-decoder-ogg-vorbis: bf7c407c2cedff20999df2af8eb42d56 -> 
========================================================================
Received Import Request.
  Time since last request: 185470.282779 seconds.
  path: Assets/Scenes
  artifactKey: Guid(131a6b21c8605f84396be9f6751fb6e3) Importer(815301076,1909f56bfc062723c751e8b465ee728b)
Start importing Assets/Scenes using Guid(131a6b21c8605f84396be9f6751fb6e3) Importer(815301076,1909f56bfc062723c751e8b465ee728b)  -> (artifact id: '2c23e514d24f6b65fe96946cd87fc526') in 0.006431 seconds 
========================================================================
Received Import Request.
  Time since last request: 31.082657 seconds.
  path: Assets/Tiles/Corner_BottomLeft.psd
  artifactKey: Guid(e7c2d17f1f6a241459231cd2370c9181) Importer(815301076,1909f56bfc062723c751e8b465ee728b)
Start importing Assets/Tiles/Corner_BottomLeft.psd using Guid(e7c2d17f1f6a241459231cd2370c9181) Importer(815301076,1909f56bfc062723c751e8b465ee728b)  -> (artifact id: 'ed27f5bba1ff509a141a93c09a36cce6') in 0.408507 seconds 
========================================================================
Received Import Request.
  Time since last request: 0.000057 seconds.
  path: Assets/Tiles/Screenshot 2023-10-28 at 2.59.33 PM.png
  artifactKey: Guid(ac05071c6c760434194666be15ee6142) Importer(815301076,1909f56bfc062723c751e8b465ee728b)
Start importing Assets/Tiles/Screenshot 2023-10-28 at 2.59.33 PM.png using Guid(ac05071c6c760434194666be15ee6142) Importer(815301076,1909f56bfc062723c751e8b465ee728b)  -> (artifact id: '49fee83733c0fc6c385b2f58ab881fe7') in 0.516095 seconds 
========================================================================
Received Import Request.
  Time since last request: 978.541070 seconds.
  path: Assets/Couch.png
  artifactKey: Guid(3265376b1826f42549e76cbbf2823d90) Importer(815301076,1909f56bfc062723c751e8b465ee728b)
Start importing Assets/Couch.png using Guid(3265376b1826f42549e76cbbf2823d90) Importer(815301076,1909f56bfc062723c751e8b465ee728b)  -> (artifact id: '493a8692796321c350c01a8f8abc933c') in 0.018584 seconds 
========================================================================
Received Import Request.
  Time since last request: 510.229913 seconds.
  path: Assets/Table.png
  artifactKey: Guid(f78ec99c7ad6e483c8f5c073fdaf95c6) Importer(815301076,1909f56bfc062723c751e8b465ee728b)
Start importing Assets/Table.png using Guid(f78ec99c7ad6e483c8f5c073fdaf95c6) Importer(815301076,1909f56bfc062723c751e8b465ee728b)  -> (artifact id: 'ea15b07a1863df016e09e69963b08a09') in 0.014996 seconds 
========================================================================
Received Import Request.
  Time since last request: 848.015701 seconds.
  path: Assets/SingleStashofBooks.png
  artifactKey: Guid(82573c1ee827446bf885e35d22e54bcb) Importer(815301076,1909f56bfc062723c751e8b465ee728b)
Start importing Assets/SingleStashofBooks.png using Guid(82573c1ee827446bf885e35d22e54bcb) Importer(815301076,1909f56bfc062723c751e8b465ee728b)  -> (artifact id: 'a791fed3f99bde3602e16124900aae54') in 0.037655 seconds 
========================================================================
Received Import Request.
  Time since last request: 15.241047 seconds.
  path: Assets/Scenes/Level1.unity
  artifactKey: Guid(673195149a3574d459e3554c414792e5) Importer(815301076,1909f56bfc062723c751e8b465ee728b)
Start importing Assets/Scenes/Level1.unity using Guid(673195149a3574d459e3554c414792e5) Importer(815301076,1909f56bfc062723c751e8b465ee728b)  -> (artifact id: 'cb32c6851cc7a3e0f4e7ccead4204814') in 0.001497 seconds 
========================================================================
Received Import Request.
  Time since last request: 3.851542 seconds.
  path: Assets/Scenes/SampleScene.unity
  artifactKey: Guid(2cda990e2423bbf4892e6590ba056729) Importer(815301076,1909f56bfc062723c751e8b465ee728b)
Start importing Assets/Scenes/SampleScene.unity using Guid(2cda990e2423bbf4892e6590ba056729) Importer(815301076,1909f56bfc062723c751e8b465ee728b)  -> (artifact id: 'e24c38ded777c6eac716cf6ee885caa1') in 0.002070 seconds 
========================================================================
Received Import Request.
  Time since last request: 225.711971 seconds.
  path: Assets/Untitled_Artwork 76.png
  artifactKey: Guid(a79547354bfec4bfea6a35124f360163) Importer(815301076,1909f56bfc062723c751e8b465ee728b)
Start importing Assets/Untitled_Artwork 76.png using Guid(a79547354bfec4bfea6a35124f360163) Importer(815301076,1909f56bfc062723c751e8b465ee728b)  -> (artifact id: 'c6579d20a5a91abacbf50434004cdbe5') in 0.017735 seconds 
========================================================================
Received Import Request.
  Time since last request: 430.569186 seconds.
  path: Assets/Level 1 Environment
  artifactKey: Guid(e626b3fe01ee14c68a90bf9f1c2e3192) Importer(815301076,1909f56bfc062723c751e8b465ee728b)
Start importing Assets/Level 1 Environment using Guid(e626b3fe01ee14c68a90bf9f1c2e3192) Importer(815301076,1909f56bfc062723c751e8b465ee728b)  -> (artifact id: 'e93ce3fb28fac60b837b963daa49eab5') in 0.001910 seconds 
========================================================================
Received Import Request.
  Time since last request: 24.854266 seconds.
  path: Assets/Level 1 Environment/Note.png
  artifactKey: Guid(a79547354bfec4bfea6a35124f360163) Importer(815301076,1909f56bfc062723c751e8b465ee728b)
Start importing Assets/Level 1 Environment/Note.png using Guid(a79547354bfec4bfea6a35124f360163) Importer(815301076,1909f56bfc062723c751e8b465ee728b)  -> (artifact id: 'a077faf3b9161b071b00134be44bcc4f') in 0.022117 seconds 
========================================================================
Received Import Request.
  Time since last request: 97.691990 seconds.
  path: Assets/Level 1 Environment/Couc_Left.png
  artifactKey: Guid(3265376b1826f42549e76cbbf2823d90) Importer(815301076,1909f56bfc062723c751e8b465ee728b)
Start importing Assets/Level 1 Environment/Couc_Left.png using Guid(3265376b1826f42549e76cbbf2823d90) Importer(815301076,1909f56bfc062723c751e8b465ee728b)  -> (artifact id: '7be65e1b154df0c3ed248242153a7f56') in 0.031714 seconds 
========================================================================
Received Import Request.
  Time since last request: 7.920418 seconds.
  path: Assets/Level 1 Environment/Couch_Left.png
  artifactKey: Guid(3265376b1826f42549e76cbbf2823d90) Importer(815301076,1909f56bfc062723c751e8b465ee728b)
Start importing Assets/Level 1 Environment/Couch_Left.png using Guid(3265376b1826f42549e76cbbf2823d90) Importer(815301076,1909f56bfc062723c751e8b465ee728b)  -> (artifact id: '1d2803a11a157e5e1aee7eedb9916f79') in 0.008426 seconds 
========================================================================
Received Import Request.
  Time since last request: 49.115110 seconds.
  path: Assets/Level 1 Environment/Couch 2.png
  artifactKey: Guid(af19def7942204458ad6fe843aa96c50) Importer(815301076,1909f56bfc062723c751e8b465ee728b)
Start importing Assets/Level 1 Environment/Couch 2.png using Guid(af19def7942204458ad6fe843aa96c50) Importer(815301076,1909f56bfc062723c751e8b465ee728b)  -> (artifact id: 'a266a75fcf3f2761f67c1d33a66fc782') in 0.043870 seconds 
========================================================================
Received Import Request.
  Time since last request: 7.556559 seconds.
  path: Assets/Level 1 Environment/Cough_Right.png
  artifactKey: Guid(af19def7942204458ad6fe843aa96c50) Importer(815301076,1909f56bfc062723c751e8b465ee728b)
Start importing Assets/Level 1 Environment/Cough_Right.png using Guid(af19def7942204458ad6fe843aa96c50) Importer(815301076,1909f56bfc062723c751e8b465ee728b)  -> (artifact id: 'd65a6518774d446c18d5caa2d64603f6') in 0.008993 seconds 
========================================================================
Received Import Request.
  Time since last request: 116.794630 seconds.
  path: Assets/Level 1 Environment/SingleStashofBooks.png
  artifactKey: Guid(82573c1ee827446bf885e35d22e54bcb) Importer(815301076,1909f56bfc062723c751e8b465ee728b)
Start importing Assets/Level 1 Environment/SingleStashofBooks.png using Guid(82573c1ee827446bf885e35d22e54bcb) Importer(815301076,1909f56bfc062723c751e8b465ee728b)  -> (artifact id: '801d8c8604f80aaf5d07e9fd7f22730c') in 0.014615 seconds 
